mktextfm cmr10+20
mktextfm cmr10-20
mktextfm cmr12+20
mktextfm cmr12-20
mktextfm cmcsc10+20
mktextfm cmcsc10-20
mktextfm cmr8+20
mktextfm cmr8-20
mktextfm cmss12+20
mktextfm cmss12-20
mktextfm cmr9+20
mktextfm cmr9-20
mktextfm cmti9+20
mktextfm cmti9-20
mktextfm cmss10+20
mktextfm cmss10-20
mktextfm cmti10+20
mktextfm cmti10-20
mktextfm cmr10+20
mktextfm cmr10-20
mktextfm cmr12+20
mktextfm cmr12-20
mktextfm cmcsc10+20
mktextfm cmcsc10-20
mktextfm cmr8+20
mktextfm cmr8-20
mktextfm cmss12+20
mktextfm cmss12-20
mktextfm cmr9+20
mktextfm cmr9-20
mktextfm cmti9+20
mktextfm cmti9-20
mktextfm cmss10+20
mktextfm cmss10-20
mktextfm cmti10+20
mktextfm cmti10-20
mktextfm cmr10+20
mktextfm cmr10-20
mktextfm cmr12+20
mktextfm cmr12-20
mktextfm cmcsc10+20
mktextfm cmcsc10-20
mktextfm cmr8+20
mktextfm cmr8-20
mktextfm cmss12+20
mktextfm cmss12-20
mktextfm cmr9+20
mktextfm cmr9-20
mktextfm cmti9+20
mktextfm cmti9-20
mktextfm cmss10+20
mktextfm cmss10-20
mktextfm cmti10+20
mktextfm cmti10-20
